<?xml version="1.0" encoding="UTF-8"?>
<!-- Generated by org.testng.reporters.JUnitReportReporter -->
<testsuite hostname="Admin-PC" name="com.st.test.SearchPageTest" tests="5" failures="0" timestamp="30 Aug 2015 19:57:26 GMT" time="72.169" errors="0">
  <testcase name="verifySearchSection" time="0.473" classname="com.st.test.SearchPageTest"/>
  <testcase name="verifySearchByLocationField" time="23.767" classname="com.st.test.SearchPageTest"/>
  <testcase name="popUpClose" time="0.959" classname="com.st.test.SearchPageTest"/>
  <testcase name="verifySearchByExperienceField" time="29.658" classname="com.st.test.SearchPageTest"/>
  <testcase name="verifySearchBySkill" time="17.312" classname="com.st.test.SearchPageTest"/>
</testsuite> <!-- com.st.test.SearchPageTest -->
