<?xml version="1.0" encoding="UTF-8"?>
<!-- Generated by org.testng.reporters.JUnitReportReporter -->
<testsuite hostname="Admin-PC" name="com.st.test.RegisterPageTest" tests="9" failures="0" timestamp="31 Aug 2015 18:15:26 GMT" time="127.785" errors="0">
  <testcase name="popUpClose" time="1.048" classname="com.st.test.RegisterPageTest"/>
  <testcase name="verifyYourContactInformation" time="9.780" classname="com.st.test.RegisterPageTest"/>
  <testcase name="verifyCreateLoginDetails" time="28.470" classname="com.st.test.RegisterPageTest"/>
  <testcase name="verifyYourCurrentEmploymentDetails" time="28.094" classname="com.st.test.RegisterPageTest"/>
  <testcase name="verifyCompleteMyProfile" time="6.831" classname="com.st.test.RegisterPageTest"/>
  <testcase name="verifyRegistrationPage" time="13.297" classname="com.st.test.RegisterPageTest"/>
  <testcase name="verifyCompleteMyProfilePage" time="6.556" classname="com.st.test.RegisterPageTest"/>
  <testcase name="verifyEducationDetails" time="16.599" classname="com.st.test.RegisterPageTest"/>
  <testcase name="verifyCreateYourJobAlert" time="17.110" classname="com.st.test.RegisterPageTest"/>
</testsuite> <!-- com.st.test.RegisterPageTest -->
