<?xml version="1.0" encoding="UTF-8"?>
<!-- Generated by org.testng.reporters.JUnitReportReporter -->
<testsuite hostname="Admin-PC" name="com.st.test.HomePageTest" tests="2" failures="1" timestamp="23 Aug 2015 07:14:51 GMT" time="3.148" errors="0">
  <testcase name="verifyAdvanced" time="2.461" classname="com.st.test.HomePageTest"/>
  <testcase name="verifySiteLogo" time="0.687" classname="com.st.test.HomePageTest">
    <failure type="org.openqa.selenium.WebDriverException" message="unknown error: Element is not clickable at point (94, 49). Other element would receive the click: &lt;div class=&quot;ltLayer open&quot; style=&quot;z-index: 1002;&quot;&gt;&lt;/div&gt;
  (Session info: chrome=44.0.2403.157)
  (Driver info: chromedriver=2.9.248315,platform=Windows NT 6.1 x86) (WARNING: The server did not provide any stacktrace information)
Command duration or timeout: 339 milliseconds
Build info: version: &#039;2.47.1&#039;, revision: &#039;unknown&#039;, time: &#039;2015-07-30 11:02:44&#039;
System info: host: &#039;Admin-PC&#039;, ip: &#039;192.168.56.1&#039;, os.name: &#039;Windows 7&#039;, os.arch: &#039;x86&#039;, os.version: &#039;6.1&#039;, java.version: &#039;1.8.0_20&#039;
Driver info: org.openqa.selenium.chrome.ChromeDriver
Capabilities [{applicationCacheEnabled=false, rotatable=false, chrome={userDataDir=C:\Users\Admin\AppData\Local\Temp\scoped_dir4656_23112}, takesHeapSnapshot=true, databaseEnabled=false, handlesAlerts=true, version=44.0.2403.157, platform=XP, browserConnectionEnabled=false, nativeEvents=true, acceptSslCerts=true, locationContextEnabled=true, webStorageEnabled=true, browserName=chrome, takesScreenshot=true, javascriptEnabled=true, cssSelectorsEnabled=true}]
Session ID: df69d537994f5b62ec75cb6aaa76e54c">
      <![CDATA[org.openqa.selenium.WebDriverException: unknown error: Element is not clickable at point (94, 49). Other element would receive the click: <div class="ltLayer open" style="z-index: 1002;"></div>
  (Session info: chrome=44.0.2403.157)
  (Driver info: chromedriver=2.9.248315,platform=Windows NT 6.1 x86) (WARNING: The server did not provide any stacktrace information)
Command duration or timeout: 339 milliseconds
Build info: version: '2.47.1', revision: 'unknown', time: '2015-07-30 11:02:44'
System info: host: 'Admin-PC', ip: '192.168.56.1', os.name: 'Windows 7', os.arch: 'x86', os.version: '6.1', java.version: '1.8.0_20'
Driver info: org.openqa.selenium.chrome.ChromeDriver
Capabilities [{applicationCacheEnabled=false, rotatable=false, chrome={userDataDir=C:\Users\Admin\AppData\Local\Temp\scoped_dir4656_23112}, takesHeapSnapshot=true, databaseEnabled=false, handlesAlerts=true, version=44.0.2403.157, platform=XP, browserConnectionEnabled=false, nativeEvents=true, acceptSslCerts=true, locationContextEnabled=true, webStorageEnabled=true, browserName=chrome, takesScreenshot=true, javascriptEnabled=true, cssSelectorsEnabled=true}]
Session ID: df69d537994f5b62ec75cb6aaa76e54c
	at sun.reflect.NativeConstructorAccessorImpl.newInstance0(Native Method)
	at sun.reflect.NativeConstructorAccessorImpl.newInstance(Unknown Source)
	at sun.reflect.DelegatingConstructorAccessorImpl.newInstance(Unknown Source)
	at java.lang.reflect.Constructor.newInstance(Unknown Source)
	at org.openqa.selenium.remote.ErrorHandler.createThrowable(ErrorHandler.java:206)
	at org.openqa.selenium.remote.ErrorHandler.throwIfResponseFailed(ErrorHandler.java:158)
	at org.openqa.selenium.remote.RemoteWebDriver.execute(RemoteWebDriver.java:595)
	at org.openqa.selenium.remote.RemoteWebElement.execute(RemoteWebElement.java:273)
	at org.openqa.selenium.remote.RemoteWebElement.click(RemoteWebElement.java:84)
	at com.st.pages.HomePage.clickOnSiteLogo(HomePage.java:40)
	at com.st.test.HomePageTest.verifySiteLogo(HomePageTest.java:38)
	at sun.reflect.NativeMethodAccessorImpl.invoke0(Native Method)
	at sun.reflect.NativeMethodAccessorImpl.invoke(Unknown Source)
	at sun.reflect.DelegatingMethodAccessorImpl.invoke(Unknown Source)
	at java.lang.reflect.Method.invoke(Unknown Source)
	at org.testng.internal.MethodInvocationHelper.invokeMethod(MethodInvocationHelper.java:84)
	at org.testng.internal.Invoker.invokeMethod(Invoker.java:714)
	at org.testng.internal.Invoker.invokeTestMethod(Invoker.java:901)
	at org.testng.internal.Invoker.invokeTestMethods(Invoker.java:1231)
	at org.testng.internal.TestMethodWorker.invokeTestMethods(TestMethodWorker.java:127)
	at org.testng.internal.TestMethodWorker.run(TestMethodWorker.java:111)
	at org.testng.TestRunner.privateRun(TestRunner.java:767)
	at org.testng.TestRunner.run(TestRunner.java:617)
	at org.testng.SuiteRunner.runTest(SuiteRunner.java:334)
	at org.testng.SuiteRunner.runSequentially(SuiteRunner.java:329)
	at org.testng.SuiteRunner.privateRun(SuiteRunner.java:291)
	at org.testng.SuiteRunner.run(SuiteRunner.java:240)
	at org.testng.SuiteRunnerWorker.runSuite(SuiteRunnerWorker.java:52)
	at org.testng.SuiteRunnerWorker.run(SuiteRunnerWorker.java:86)
	at org.testng.TestNG.runSuitesSequentially(TestNG.java:1224)
	at org.testng.TestNG.runSuitesLocally(TestNG.java:1149)
	at org.testng.TestNG.run(TestNG.java:1057)
	at org.testng.remote.RemoteTestNG.run(RemoteTestNG.java:111)
	at org.testng.remote.RemoteTestNG.initAndRun(RemoteTestNG.java:204)
	at org.testng.remote.RemoteTestNG.main(RemoteTestNG.java:175)
]]>
    </failure>
  </testcase> <!-- verifySiteLogo -->
</testsuite> <!-- com.st.test.HomePageTest -->
